<?xml version="1.0" encoding="UTF-8"?>
<testng-results ignored="0" total="3" passed="3" failed="0" skipped="0">
  <reporter-output>
  </reporter-output>
  <suite started-at="2022-10-14T12:02:03 IST" name="Suite" finished-at="2022-10-14T12:02:47 IST" duration-ms="43870">
    <groups>
    </groups>
    <test started-at="2022-10-14T12:02:03 IST" name="Test" finished-at="2022-10-14T12:02:47 IST" duration-ms="43870">
      <class name="practice.DataProvider1">
        <test-method signature="companyDetails(java.lang.String,java.lang.String,java.lang.String)[pri:0, instance:practice.DataProvider1@2fd1433e]" started-at="2022-10-14T12:02:03 IST" name="companyDetails" data-provider="dataprovider_test" finished-at="2022-10-14T12:02:18 IST" duration-ms="14860" status="PASS">
          <params>
            <param index="0">
              <value>
                <![CDATA[laptop]]>
              </value>
            </param>
            <param index="1">
              <value>
                <![CDATA[123]]>
              </value>
            </param>
            <param index="2">
              <value>
                <![CDATA[surya]]>
              </value>
            </param>
          </params>
          <reporter-output>
          </reporter-output>
        </test-method> <!-- companyDetails -->
        <test-method signature="companyDetails(java.lang.String,java.lang.String,java.lang.String)[pri:0, instance:practice.DataProvider1@2fd1433e]" started-at="2022-10-14T12:02:18 IST" name="companyDetails" data-provider="dataprovider_test" finished-at="2022-10-14T12:02:32 IST" duration-ms="14350" status="PASS">
          <params>
            <param index="0">
              <value>
                <![CDATA[mobile]]>
              </value>
            </param>
            <param index="1">
              <value>
                <![CDATA[234]]>
              </value>
            </param>
            <param index="2">
              <value>
                <![CDATA[ravi]]>
              </value>
            </param>
          </params>
          <reporter-output>
          </reporter-output>
        </test-method> <!-- companyDetails -->
        <test-method signature="companyDetails(java.lang.String,java.lang.String,java.lang.String)[pri:0, instance:practice.DataProvider1@2fd1433e]" started-at="2022-10-14T12:02:32 IST" name="companyDetails" data-provider="dataprovider_test" finished-at="2022-10-14T12:02:47 IST" duration-ms="14521" status="PASS">
          <params>
            <param index="0">
              <value>
                <![CDATA[radio]]>
              </value>
            </param>
            <param index="1">
              <value>
                <![CDATA[345]]>
              </value>
            </param>
            <param index="2">
              <value>
                <![CDATA[chinnu]]>
              </value>
            </param>
          </params>
          <reporter-output>
          </reporter-output>
        </test-method> <!-- companyDetails -->
      </class> <!-- practice.DataProvider1 -->
    </test> <!-- Test -->
  </suite> <!-- Suite -->
</testng-results>
