<?xml version="1.0" encoding="UTF-8"?>
<!-- Generated by org.testng.reporters.JUnitXMLReporter -->
<testsuite ignored="0" hostname="DESKTOP-ATARMCK" failures="0" tests="3" name="Test" time="43.87" errors="0" timestamp="2022-10-14T12:02:47 IST">
  <testcase classname="practice.DataProvider1" name="companyDetails" time="14.86"/>
  <testcase classname="practice.DataProvider1" name="companyDetails" time="14.35"/>
  <testcase classname="practice.DataProvider1" name="companyDetails" time="14.521"/>
</testsuite> <!-- Test -->
