<?xml version="1.0" encoding="UTF-8"?>
<!-- Generated by org.testng.reporters.JUnitXMLReporter -->
<testsuite ignored="4" hostname="DESKTOP-ATARMCK" failures="0" tests="2" name="Testrunner1" time="47.184" errors="0" timestamp="2022-10-09T19:01:45 IST">
  <testcase classname="com.Organization.CreateOrganizationTest" name="createOrganization" time="16.094"/>
  <testcase classname="com.crm.Campaign.CreateCampaignTest" name="createCampaign" time="10.745"/>
  <testcase classname="com.crm.Generic_Utility.BaseClass" name="@BeforeTest BT" time="0.0">
    <ignored/>
  </testcase> <!-- @BeforeTest BT -->
  <testcase classname="com.crm.Generic_Utility.BaseClass" name="@AfterSuite AS" time="0.0">
    <ignored/>
  </testcase> <!-- @AfterSuite AS -->
  <testcase classname="com.crm.Generic_Utility.BaseClass" name="@BeforeSuite BS" time="0.0">
    <ignored/>
  </testcase> <!-- @BeforeSuite BS -->
  <testcase classname="com.crm.Generic_Utility.BaseClass" name="@AfterTest AT" time="0.0">
    <ignored/>
  </testcase> <!-- @AfterTest AT -->
</testsuite> <!-- Testrunner1 -->
